[    0.000000] Initializing cgroup subsys cpuset
[    0.000000] Initializing cgroup subsys cpu
[    0.000000] Initializing cgroup subsys cpuacct
[    0.000000] Linux version 4.4.0-165-generic (buildd@lgw01-amd64-027) (gcc version 5.4.0 20160609 (Ubuntu 5.4.0-6ubuntu1~16.04.10) ) #193-Ubuntu SMP Tue Sep 17 17:42:52 UTC 2019 (Ubuntu 4.4.0-165.193-generic 4.4.189)
[    0.000000] Command line: BOOT_IMAGE=/boot/vmlinuz-4.4.0-165-generic root=UUID=550dd3ae-7e36-4ee8-99c7-73d48a45f588 ro console=tty1 console=ttyS0
[    0.000000] KERNEL supported cpus:
[    0.000000]   Intel GenuineIntel
[    0.000000]   AMD AuthenticAMD
[    0.000000]   Centaur CentaurHauls
[    0.000000] x86/fpu: xstate_offset[2]:  576, xstate_sizes[2]:  256
[    0.000000] x86/fpu: Supporting XSAVE feature 0x01: 'x87 floating point registers'
[    0.000000] x86/fpu: Supporting XSAVE feature 0x02: 'SSE registers'
[    0.000000] x86/fpu: Supporting XSAVE feature 0x04: 'AVX registers'
[    0.000000] x86/fpu: Enabled xstate features 0x7, context size is 832 bytes, using 'standard' format.
[    0.000000] e820: BIOS-provided physical RAM map:
[    0.000000] BIOS-e820: [mem 0x0000000000000000-0x000000000009fbff] usable
[    0.000000] BIOS-e820: [mem 0x000000000009fc00-0x000000000009ffff] reserved
[    0.000000] BIOS-e820: [mem 0x00000000000f0000-0x00000000000fffff] reserved
[    0.000000] BIOS-e820: [mem 0x0000000000100000-0x000000003ffeffff] usable
[    0.000000] BIOS-e820: [mem 0x000000003fff0000-0x000000003fffffff] ACPI data
[    0.000000] BIOS-e820: [mem 0x00000000fec00000-0x00000000fec00fff] reserved
[    0.000000] BIOS-e820: [mem 0x00000000fee00000-0x00000000fee00fff] reserved
[    0.000000] BIOS-e820: [mem 0x00000000fffc0000-0x00000000ffffffff] reserved
[    0.000000] NX (Execute Disable) protection: active
[    0.000000] SMBIOS 2.5 present.
[    0.000000] Hypervisor detected: KVM
[    0.000000] e820: last_pfn = 0x3fff0 max_arch_pfn = 0x400000000
[    0.000000] MTRR: Disabled
[    0.000000] x86/PAT: MTRRs disabled, skipping PAT initialization too.
[    0.000000] CPU MTRRs all blank - virtualized system.
[    0.000000] x86/PAT: Configuration [0-7]: WB  WT  UC- UC  WB  WT  UC- UC  
[    0.000000] found SMP MP-table at [mem 0x0009fff0-0x0009ffff] mapped at [ffff88000009fff0]
[    0.000000] Scanning 1 areas for low memory corruption
[    0.000000] RAMDISK: [mem 0x361e4000-0x370e9fff]
[    0.000000] ACPI: Early table checksum verification disabled
[    0.000000] ACPI: RSDP 0x00000000000E0000 000024 (v02 VBOX  )
[    0.000000] ACPI: XSDT 0x000000003FFF0030 00003C (v01 VBOX   VBOXXSDT 00000001 ASL  00000061)
[    0.000000] ACPI: FACP 0x000000003FFF00F0 0000F4 (v04 VBOX   VBOXFACP 00000001 ASL  00000061)
[    0.000000] ACPI: DSDT 0x000000003FFF0470 0021FF (v02 VBOX   VBOXBIOS 00000002 INTL 20180105)
[    0.000000] ACPI: FACS 0x000000003FFF0200 000040
[    0.000000] ACPI: FACS 0x000000003FFF0200 000040
[    0.000000] ACPI: APIC 0x000000003FFF0240 00005C (v02 VBOX   VBOXAPIC 00000001 ASL  00000061)
[    0.000000] ACPI: SSDT 0x000000003FFF02A0 0001CC (v01 VBOX   VBOXCPUT 00000002 INTL 20180105)
[    0.000000] No NUMA configuration found
[    0.000000] Faking a node at [mem 0x0000000000000000-0x000000003ffeffff]
[    0.000000] NODE_DATA(0) allocated [mem 0x3ffeb000-0x3ffeffff]
[    0.000000] kvm-clock: Usinmsrs 4b564d01 and 4b564d00
[    0.000000] kvm-clock: cpu 0, msr 0:3ffe3001, primary cpu clock
[    0.000000] kvm-clock: using sched offset of 3175136106 cycles
[    0.000000] clocksource: kvm-clock: mask: 0xffffffffffffffff max_cycles: 0x1cd42e4dffb, max_idle_ns: 881590591483 ns
[    0.000000] Zone ranges:
[    0.000000]   DMA      [mem 0x0000000000001000-0x0000000000ffffff]
[    0.000000]   DMA32    [mem 0x0000000001000000-0x000000003ffeffff]
[    0.000000]   Normal   empty
[    0.000000]   Device   empty
[    0.000000] Movable zone start for each node
[    0.000000] Early memory node ranges
[    0.000000]   node   0: [mem 0x0000000000001000-0x000000000009efff]
[    0.000000]   node   0: [mem 0x0000000000100000-0x000000003ffeffff]
[    0.000000] Initmem setup node 0 [mem 0x0000000000001000-0x000000003ffeffff]
[    0.000000] ACPI: PM-Timer IO Port: 0x4008
[    0.000000] IOAPIC[0]: apic_id 2, version 32, address 0xfec00000, GSI 0-23
[    0.000000] ACPI: INT_SRC_OVR (bus 0 bus_irq 0 global_irq 2 dfl dfl)
[    0.000000] ACPI: INT_SRC_OVR (bus 0 bus_irq 9 global_irq 9 low level)
[    0.000000] Using ACPI (MADT) for SMP configuration information
[    0.000000] smpboot: Allowing 2 CPUs, 0 hotplug CPUs
[    0.000000] PM: Registered nosave memory: [mem 0x00000000-0x00000fff]
[    0.000000] PM: Registered nosave memory: [mem 0x0009f000-0x0009ffff]
[    0.000000] PM: Registered nosave memory: [mem 0x000a0000-0x000effff]
[    0.000000] PM: Registered nosave memory: [mem 0x000f0000-0x000fffff]
[    0.000000] e820: [mem 0x40000000-0xfebfffff] available for PCI devices
[    0.000000] Booting paravirtualized kernel on KVM
[    0.000000] clocksource: refined-jiffies: mask: 0xffffffff max_cycles: 0xffffffff, max_idle_ns: 7645519600211568 ns
[    0.000000] setup_percpu: NR_CPUS:512 nr_cpumask_bits:512 nr_cpu_ids:2 nr_node_ids:1
[    0.000000] PERCPU: Embedded 34 pages/cpu @ffff88003fc00000 s99544 r8192 d31528 u1048576
[    0.000000] Built 1 zonelists in Node order, mobility grouping on.  Total pages: 257912
[    0.000000] Policy zone: DMA32
[    0.000000] Kernel command line: BOOT_IMAGE=/boot/vmlinuz-4.4.0-165-generic root=UUID=550dd3ae-7e36-4ee8-99c7-73d48a45f588 ro console=tty1 console=ttyS0
[    0.000000] PID hash table entries: 4096 (order: 3, 32768 bytes)
[    0.000000] Memory: 997176K/1048120K available (8621K kernel code, 1335K rwdata, 4032K rodata, 1484K init, 1284K bss, 50944K reserved, 0K cma-reserved)
[    0.000000] SLUB: HWalign=64, Order=0-3, MinObjects=0, CPUs=2, Nodes=1
[    0.000000] Kernel/User page tables isolation: enabled
[    0.000000] Hierarchical RCU implementation.
[    0.000000] 	Build-time adjustment of leaf fanout to 64.
[    0.000000] 	RCU restricting CPUs from NR_CPUS=512 to nr_cpu_ids=2.
[    0.000000] RCU: Adjusting geometry for rcu_fanout_leaf=64, nr_cpu_ids=2
[    0.000000] NR_IRQS:33024 nr_irqs:440 16
[    0.000000] Console: colour VGA+ 80x25
[    0.000000] console [tty1] enabled
[    0.000000] console [ttyS0] enabled
[    0.000000] tsc: Detected 2593.988 MHz processor
[    0.167933] Calibrating delay loop (skipped) preset value.. 5187.97 BogoMIPS (lpj=10375952)
[    0.169250] pid_max: default: 32768 minimum: 301
[    0.169949] ACPI: Core revision 20150930
[    0.171314] ACPI: 2 ACPI AML tables successfully acquired and loaded
[    0.172337] Security Framework initialized
[    0.172985] Yama: becoming mindful.
[    0.173574] AppArmor: AppArmor initialized
[    0.174278] Dentry cache hash table entries: 131072 (order: 8, 1048576 bytes)

[    0.175752] Inode-cache hash table entries: 65536 (order: 7, 524288 bytes)
[    0.176754] Mount-cache hash table entries: 2048 (order: 2, 16384 bytes)
[    0.180538] Mountpoint-cache hash table entries: 2048 (order: 2, 16384 bytes)
[    0.186894] Initializing cgroup subsys io
[    0.187557] Initializing cgroup subsys memory
[    0.188233] Initializing cgroup subsys devices
[    0.188925] Initializing cgroup subsys freezer
[    0.189606] Initializing cgroup subsys net_cls
[    0.190286] Initializing cgroup subsys perf_event
[    0.191014] Initializing cgroup subsys net_prio
[    0.191746] Initializing cgroup subsys hugetlb
[    0.192466] Initializing cgroup subsys pids
[    0.193967] mce: CPU supports 0 MCE banks
[    0.194622] Last level iTLB entries: 4KB 1024, 2MB 1024, 4MB 1024
[    0.195507] Last level dTLB entries: 4KB 1024, 2MB 1024, 4MB 1024, 1GB 4
[    0.196430] Spectre V1 : Mitigation: usercopy/swapgs barriers and __user pointer sanitization
[    0.197723] Spectre V2 : Mitigation: Full generic retpoline
[    0.198523] Spectre V2 : Spectre v2 / SpectreRSB mitigation: Filling RSB on context switch
[    0.199815] Speculative Store Bypass: Vulnerable
[    0.200577] MDS: Mitigation: Clear CPU buffers
[    0.208351] Freeing SMP alternatives memory: 36K
[    0.213132] ftrace: allocating 32318 entries in 127 pages
[    0.255860] smpboot: APIC(0) Converting physical 0 to logical package 0
[    0.264141] smpboot: Max logical packages: 1
[    0.265039] x2apic enabled
[    0.265725] Switched APIC routing to physical x2apic.
[    0.267413] ..TIMER: vector=0x30 apic1=0 pin1=2 apic2=-1 pin2=-1
[    0.375476] smpboot: CPU0: Intel(R) Core(TM) i7-4720HQ CPU @ 2.60GHz (family: 0x6, model: 0x3c, stepping: 0x3)
[    0.386976] Performance Events: unsupported p6 CPU model 60 no PMU driver, software events only.
[    0.396927] KVM setup paravirtual spinlock
[    0.404631] x86: Booting SMP configuration:
[    0.405314] .... node  #0, CPUs:      #1
[    0.406021] kvm-clock: cpu 1, msr 0:3ffe3041, secondary cpu clock
[    0.407679] mce: CPU supports 0 MCE banks
[    0.410220] x86: Booted up 1 node, 2 CPUs
[    0.411055] smpboot: Total of 2 processors activated (10375.95 BogoMIPS)
[    0.412274] devtmpfs: initialized
[    0.413971] evm: security.selinux
[    0.414537] evm: security.SMACK64
[    0.415095] evm: security.SMACK64EXEC
[    0.415733] evm: security.SMACK64TRANSMUTE
[    0.416390] evm: security.SMACK64MMAP
[    0.416996] evm: security.ima
[    0.417518] evm: security.capability
[    0.418250] clocksource: jiffies: mask: 0xffffffff max_cycles: 0xffffffff, max_idle_ns: 7645041785100000 ns
[    0.419683] futex hash table entries: 512 (order: 3, 32768 bytes)
[    0.420647] pinctrl core: initialized pinctrl subsystem
[    0.421518] RTC time:  0:40:01, date: 10/15/19
[    0.422329] NET: Registered protocol family 16
[    0.431523] cpuidle: using governor ladder
[    0.443547] cpuidle: using governor menu
[    0.444544] PCCT header not found.
[    0.446877] ACPI: bus type PCI registered
[    0.447919] acpiphp: ACPI Hot Plug PCI Controller Driver version: 0.5
[    0.449535] PCI: Using configuration type 1 for base access
[    0.464172] ACPI: Added _OSI(Module Device)
[    0.465293] ACPI: Added _OSI(Processor Device)
[    0.466441] ACPI: Added _OSI(3.0 _SCP Extensions)
[    0.467612] ACPI: Added _OSI(Processor Aggregator Device)
[    0.469789] ACPI: Executed 1 blocks of module-level executable AML code
[    0.474008] ACPI: Interpreter enabled
[    0.474847] ACPI: (supports S0 S5)
[    0.475559] ACPI: Using IOAPIC for interrupt routing
[    0.476423] PCI: Using host bridge windows from ACPI; if necessary, use "pci=nocrs" and report a bug
[    0.480575] ACPI: PCI Root Bridge [PCI0] (domain 0000 [bus 00-ff])
[    0.481476] acpi PNP0A03:00: _OSC: OS supports [ASPM ClockPM Segments MSI]
[    0.482432] acpi PNP0A03:00: _OSC: not requesting OS control; OS requires [ExtendedConfig ASPM ClockPM MSI]
[    0.483877] acpi PNP0A03:00: fail to add MMCONFIG information, can't access extended PCI configuration space under this bridge.
[    0.485699] PCI host bridge to bus 0000:00
[    0.486347] pci_bus 0000:00: root bus resource [io  0x0000-0x0cf7 window]
[    0.487280] pci_bus 0000:00: root bus resource [io  0x0d00-0xffff window]
[    0.488218] pci_bus 0000:00: root bus resource [mem 0x000a0000-0x000bffff window]
[    0.489390] pci_bus 0000:00: root bus resource [mem 0x40000000-0xfdffffff window]
[    0.491621] pci_bus 0000:00: root bus resource [bus 00-ff]
[    0.493701] pci 0000:00:01.1: legacy IDE quirk: reg 0x10: [io  0x01f0-0x01f7]
[    0.494676] pci 0000:00:01.1: legacy IDE quirk: reg 0x14: [io  0x03f6]
[    0.495620] pci 0000:00:01.1: legacy IDE quirk: reg 0x18: [io  0x0170-0x0177]
[    0.496587] pci 0000:00:01.1: legacy IDE quirk: reg 0x1c: [io  0x0376]
[    0.518902] pci 0000:00:07.0: quirk: [io  0x4000-0x403f] claimed by PIIX4 ACPI
[    0.520430] pci 0000:00:07.0: quirk: [io  0x4100-0x410f] claimed by PIIX4 SMB
[    0.532839] ACPI: PCI Interrupt Link [LNKA] (IRQs 5 9 10 *11)
[    0.539796] ACPI: PCI Interrupt Link [LNKB] (IRQs 5 9 *10 11)
[    0.551424] ACPI: PCI Interrupt Link [LNKC] (IRQs 5 *9 10 11)
[    0.552612] ACPI: PCI Interrupt Link [LNKD] (IRQs 5 9 10 *11)
[    0.555354] ACPI: Enabled 2 GPEs in block 00 to 07
[    0.556432] vgaarb: setting as boot device: PCI:0000:00:02.0
[    0.557276] vgaarb: device added: PCI:0000:00:02.0,decodes=io+mem,owns=io+mem,locks=none
[    0.558510] vgaarb: loaded
[    0.559009] vgaarb: bridge control possible 0000:00:02.0
[    0.560008] SCSI subsystem initialized
[    0.560725] ACPI: bus type USB registered
[    0.561409] usbcore: registered new interface driver usbfs
[    0.562209] usbcore: registered new interface driver hub
[    0.563014] usbcore: registered new device driver usb
[    0.563955] PCI: Using ACPI for IRQ routing
[    0.564875] NetLabel: Initializing
[    0.565457] NetLabel:  domain hash size = 128
[    0.566140] NetLabel:  protocols = UNLABELED CIPSOv4
[    0.567234] NetLabel:  unlabeled traffic allowed by default
[    0.568150] amd_nb: Cannot enumerate AMD northbridges
[    0.568961] clocksource: Switched to clocksource kvm-clock
[    0.575159] AppArmor: AppArmor Filesystem Enabled
[    0.575967] pnp: PnP ACPI init
[    0.577145] pnp: PnP ACPI: found 3 devices
[    0.585603] clocksource: acpi_pm: mask: 0xffffff max_cycles: 0xffffff, max_idle_ns: 2085701024 ns
[    0.586981] NET: Registered protocol family 2
[    0.587802] TCP established hash table entries: 8192 (order: 4, 65536 bytes)
[    0.588787] TCP bind hash table entries: 8192 (order: 5, 131072 bytes)
[    0.594974] TCP: Hash tables configured (established 8192 bind 8192)
[    0.595885] UDP hash table entries: 512 (order: 2, 16384 bytes)
[    0.596728] UDP-Lite hash table entries: 512 (order: 2, 16384 bytes)
[    0.597670] NET: Registered protocol family 1
[    0.598357] pci 0000:00:00.0: Limiting direct PCI/PCI transfers
[    0.599224] pci 0000:00:01.0: Activating ISA DMA hang workarounds
[    0.600197] Unpacking initramfs...
[   0.777335] Freeing initrd memory: 15384K
[    0.865975] RAPL PMU detected, API unit is 2^-32 Joules, 4 fixed counters 10737418240 ms ovfl timer
[    0.867316] hw unit of domain pp0-core 2^-0 Joules
[    0.868032] hw unit of domain package 2^-0 Joules
[    0.868740] hw unit of domain dram 2^-0 Joules
[    0.869452] hw unit of domain pp1-gpu 2^-0 Joules
[    0.870177] clocksource: tsc: mask: 0xffffffffffffffff max_cycles: 0x25640cb3a67, max_idle_ns: 440795258696 ns
[    0.871643] platform rtc_cmos: registered platform RTC device (no PNP device found)
[    0.872857] Scanning for low memory corruption every 60 seconds
[    0.874074] audit: initializing netlink subsys (disabled)
[    0.874889] audit: type=2000 audit(1571100006.648:1): initialized
[    0.876010] Initialise system trusted keyring
[    0.876813] HugeTLB registered 2 MB page size, pre-allocated 0 pages
[    0.878867] zbud: loaded
[    0.879634] VFS: Disk quotas dquot_6.6.0
[    0.880296] VFS: Dquot-cache hash table entries: 512 (order 0, 4096 bytes)
[    0.891881] squashfs: version 4.0 (2009/01/31) Phillip Lougher
[    0.965793] fuse init (API version 7.23)
[    0.966622] Key type big_key registered
[    0.967259] Allocating IMA MOK and blacklist keyrings.
[    0.968927] Key type asymmetric registered
[    0.969594] Asymmetric key parser 'x509' registered
[    0.970351] Block layer SCSI generic (bsg) driver version 0.4 loaded (major 249)
[    0.971554] io scheduler noop registered
[    0.972182] io scheduler deadline registered (default)
[    0.972973] io scheduler cfq registered
[    0.973680] pci_hotplug: PCI Hot Plug PCI Core version: 0.5
[    0.974490] pciehp: PCI Express Hot Plug Controller Driver version: 0.4
[    0.975514] ACPI: AC Adapter [AC] (on-line)
[    0.976218] input: Power Button as /devices/LNXSYSTM:00/LNXPWRBN:00/input/input0
[    0.977411] ACPI: Power Button [PWRF]
[    0.978061] input: Sleep Button as /devices/LNXSYSTM:00/LNXSLPBN:00/input/input1
[    0.979218] ACPI: Sleep Button [SLPF]
[    0.979983] GHES: HEST is not enabled!
[    0.980484] ACPI: Battery Slot [BAT0] (battery present)
[    0.981543] Serial: 8250/16550 driver, 32 ports, IRQ sharing enabled
[    1.004039] 00:02: ttyS0 at I/O 0x3f8 (irq = 4, base_baud = 115200) is a 16550A
[    1.038367] Linux agpgart interface v0.103
[    1.041088] loop: module loaded
[    1.042230] scsi host0: ata_piix
[    1.042928] scsi host1: ata_piix
[    1.043509] ata1: PATA max UDMA/33 cmd 0x1f0 ctl 0x3f6 bmdma 0xd000 irq 14
[    1.044452] ata2: PATA max UDMA/33 cmd 0x170 ctl 0x376 bmdma 0xd008 irq 15
[    1.045517] libphy: Fixed MDIO Bus: probed
[    1.046209] tun: Universal TUN/TAP device driver, 1.6
[    1.046979] tun: (C) 1999-2004 Max Krasnyansky <maxk@qualcomm.com>
[    1.047946] PPP generic driver version 2.4.2
[    1.048700] ehci_hcd: USB 2.0 'Enhanced' Host Controller (EHCI) Driver
[    1.050716] ehci-pci: EHCI PCI platform driver
[    1.051415] ehci-platform: EHCI generic platform driver
[    1.052192] ohci_hcd: USB 1.1 'Open' Host Controller (OHCI) Driver
[    1.053102] ohci-pci: OHCI PCI platform driver
[    1.054613] ohci-platform: OHCI generic platform driver
[    1.056277] uhci_hcd: USB Universal Host Controller Interface driver
[    1.057450] i8042: PNP: PS/2 Controller [PNP0303:PS2K,PNP0f03:PS2M] at 0x60,0x64 irq 1,12
[    1.059102] serio: i8042 KBD port at 0x60,0x64 irq 1
[    1.059858] serio: i8042 AUX port at 0x60,0x64 irq 12
[    1.060798] mousedev: PS/2 mouse device common for all mice
[    1.061961] input: AT Translated Set 2 keyboard as /devices/platform/i8042/serio0/input/input2
[    1.063655] rtc_cmos rtc_cmos: rtc core: registered rtc_cmos as rtc0
[    1.064600] rtc_cmos rtc_cmos: alarms up to one day, 114 bytes nvram
[    1.065559] i2c /dev entries driver
[    1.066212] device-mapper: uevent: version 1.0.3
[    1.067013] device-mapper: ioctl: 4.34.0-ioctl (2015-10-28) initialised: dm-devel@redhat.com
[    1.068304] ledtrig-cpu: registered to indicate activity on CPUs
[    1.069499] NET: Registered protocol family 10
[    1.070354] NET: Registered protocol family 17
[    1.071049] Key type dns_resolver registered
[    1.072034] registered taskstats version 1
[    1.072699] Loading compiled-in X.509 certificates
[    1.073994] Loaded X.509 cert 'Build time autogenerated kernel key: 0ed82eac04367aa6426493b1389455ebf6830eaa'
[    1.075444] zswap: loaded using pool lzo/zbud
[    1.077867] Key type trusted registered
[    1.081293] Key type encrypted registered
[    1.081948] AppArmor: AppArmor sha1 policy hashing enabled
[    1.082833] ima: No TPM chip found, activating TPM-bypass!
[    1.083718] ima: Allocated hash algorithm: sha1
[    1.084488] evm: HMAC attrs: 0x1
[    1.085438]   Magic number: 7:281:658
[    1.086177] rtc_cmos rtc_cmos: setting system clock to 2019-10-15 00:40:02 UTC (1571100002)
[    1.087658] BIOS EDD facility v0.16 2004-Jun-25, 0 devices found
[    1.088593] EDD information not available.
[    1.202686] Freeing unused kernel memory: 1484K
[    1.204040] Write protecting the kernel read-only data: 14336k
[    1.214179] Freeing unused kernel memory: 1608K
[    1.216474] Freeing unused kernel memory: 64K
Loading, please wait...
starting version 229
[    1.230278] random: systemd-udevd: uninitialized urandom read (16 bytes read, 2 bits of entropy available)
[    1.231010] random: udevadm: uninitialized urandom read (16 bytes read, 2 bits of entropy available)
[    1.231029] random: udevadm: uninitialized urandom read (16 bytes read, 2 bits of entropy available)
[    1.236571] random: systemd-udevd: uninitialized urandom read (16 bytes read, 2 bits of entropy available)
[    1.238358] random: udevadm: uninitialized urandom read (16 bytes read, 2 bits of entropy available)
[    1.238397] random: udevadm: uninitialized urandom read (16 bytes read, 2 bits of entropy available)
[    1.238516] random: udevadm: uninitialized urandom read (16 bytes read, 2 bits of entropy available)
[    1.238562] random: udevadm: uninitialized urandom read (16 bytes read, 2 bits of entropy available)
[    1.238605] random: udevadm: uninitialized urandom read (16 bytes read, 2 bits of entropy available)
[    1.238649] random: udevadm: uninitialized urandom read (16 bytes read, 2 bits of entropy available)
[    1.274951] e1000: Intel(R) PRO/1000 Network Driver - version 7.3.21-k8-NAPI
[    1.278072] e1000: Copyright (c) 1999-2006 Intel Corporation.
[    1.280637] Fusion MPT base driver 3.04.20
[    1.289298] Copyright (c) 1999-2008 LSI Corporation
[    1.309384] AVX2 version of gcm_enc/dec engaged.
[    1.365820] AES CTR mode by8 optimization enabled
[    1.381076] Fusion MPT SPI Host driver 3.04.20
[    1.498321] input: ImExPS/2 Generic Explorer Mouse as /devices/platform/i8042/serio1/input/input4
[    1.707149] e1000 0000:00:03.0 eth0: (PCI:33MHz:32-bit) 02:af:57:b2:64:eb
[    1.916155] e1000 0000:00:03.0 eth0: Intel(R) PRO/1000 Network Connection
[    1.917754] mptbase: ioc0: Initiating bringup
[    1.981257] ioc0: LSI53C1030 A0: Capabilities={Initiator}
[    2.142528] scsi host2: ioc0: LSI53C1030 A0, FwRev=00000000h, Ports=1, MaxQ=256, IRQ=20
[    2.309370] scsi 2:0:0:0: Direct-Access     VBOX     HARDDISK         1.0  PQ: 0 ANSI: 5
[    2.360089] scsi target2:0:0: Beginning Domain Validation
[    2.361625] scsi target2:0:0: Domain Validation skipping write tests
[    2.362652] scsi target2:0:0: Ending Domain Validation
[    2.363502] scsi target2:0:0: asynchronous
[    2.365084] scsi 2:0:1:0: Direct-Access     VBOX     HARDDISK         1.0  PQ: 0 ANSI: 5
[    2.375262] scsi target2:0:1: Beginning Domain Validation
[    2.388719] scsi target2:0:1: Domain Validation skipping write tests
[    2.389752] scsi target2:0:1: Ending Domain Validation
[    2.390605] scsi target2:0:1: asynchronous
[    2.401803] sd 2:0:0:0: Attached scsi generic sg0 type 0
[    2.404042] sd 2:0:0:0: [sda] 20971520 512-byte logical blocks: (10.7 GB/10.0 GiB)
[    2.406029] sd 2:0:1:0: Attached scsi generic sg1 type 0
[    2.407146] sd 2:0:0:0: [sda] Write Protect is off
[    2.408196] sd 2:0:0:0: [sda] Incomplete mode parameter data
[    2.409301] sd 2:0:0:0: [sda] Assuming drive cache: write through
[    2.410439] sd 2:0:1:0: [sdb] 20480 512-byte logical blocks: (10.5 MB/10.0 MiB)
[    2.412234] sd 2:0:1:0: [sdb] Write Protect is off
[    2.413375] sd 2:0:1:0: [sdb] Incomplete mode parameter data
[    2.414409] sd 2:0:1:0: [sdb] Assuming drive cache: write through
[    2.416388]  sda: sda1
[    2.417575] sd 2:0:0:0: [sda] Attached SCSI disk
[    2.418957] sd 2:0:1:0: [sdb] Attached SCSI disk
[    2.648736] e1000 0000:00:08.0 eth1: (PCI:33MHz:32-bit) 08:00:27:b9:c4:58
[    3.085864] e1000 0000:00:08.0 eth1: Intel(R) PRO/1000 Network Connection
[    3.598537] e1000 0000:00:09.0 eth2: (PCI:33MHz:32-bit) 08:00:27:db:dc:da
[    3.653569] e1000 0000:00:09.0 eth2: Intel(R) PRO/1000 Network Connection
[    3.655270] e1000 0000:00:03.0 enp0s3: renamed from eth0
[    3.665272] e1000 0000:00:08.0 enp0s8: renamed from eth1
[    3.677310] e1000 0000:00:09.0 enp0s9: renamed from eth2
Begin: Loading essential drivers ... [    4.944595] md: linear personality registered for level -1
[    4.947493] md: multipath personality registered for level -4
[    4.950597] md: raid0 personality registered for level 0
[    4.956735] md: raid1 personality registered for level 1
[    5.025995] raid6: sse2x1   gen() 11130 MB/s
[    5.095535] raid6: sse2x1   xor()  8872 MB/s
[    5.165496] raid6: sse2x2   gen() 15041 MB/s
[    5.235492] raid6: sse2x2   xor()  9528 MB/s
[    5.305472] raid6: sse2x4   gen() 17237 MB/s
[    5.375537] raid6: sse2x4   xor() 11721 MB/s
[    5.445511] raid6: avx2x1   gen() 21910 MB/s
[    5.535529] raid6: avx2x2   gen() 25319 MB/s
[    5.637655] raid6: avx2x4   gen() 28429 MB/s
[    5.725944] raid6: using algorithm avx2x4 gen() 28429 MB/s
[    5.726740] raid6: using avx2x2 recovery algorithm
[    5.728825] xor: automatically using best checksumming function:
[    5.768980]    avx       : 28477.000 MB/sec
[    5.781799] async_tx: api initialized (async)
[    5.789625] md: raid6 personality registered for level 6
[    5.790450] md: raid5 personality registered for level 5
[    5.791229] md: raid4 personality registered for level 4
[    5.797983] md: raid10 personality registered for level 10
done.
Begin: Running /scripts/init-premount ... done.
Begin: Mounting root file system ... Begin: Running /scripts/local-top ... done.
Begin: Running /scripts/local-premount ... [    5.825183] Btrfs loaded
Scanning for Btrfs filesystems
done.
Warning: fsck no[    5.857163] EXT4-fs (sda1): mounted filesystem with ordered data mode. Opts: (null)
t present, so skipping root file system
done.
Begin: Running /scripts/local-bottom ... done.
Begin: Running /scripts/init-bottom ... done.
[    6.032269] systemd[1]: systemd 229 running in system mode. (+PAM +AUDIT +SELINXX +IMA +APPARMOR +SMACK +SYSVINIT +UTMP +LIBCRYPTSETUP +GCRYPT +GNUTLS +ACL +XZ -LZ4 +SECCOMP +BLKID +ELFUTILS +KMOD -IDN)
[    6.077430] systemd[1]: Detected virtualization oracle.
[    6.078239] systemd[1]: Detected architecture x86-64.

Welcome to [1mUbuntu 16.04.6 LTS[0m!

[    6.084861] systemd[1]: Set hostname to <mesin1>.
[   66221100]] systemd[1]: Reached target User and Group Name Lookups.
[[0;32m  OK  [0m] Reached target User and Group Name Lookups.
[    6.427195] systemd[1]: Listening on udev Control Socket.
[[0;32m  OK  [0m] Listening on udev Control Socket.
[    6.428946] systemd[1]: Listening on Syslog Socket.
[[0;32m  OK  [0m] Listening on Syslog Socket.
[    6.430660] systemd[1]: Listening on /dev/initctl Compatibility Named Pipe.
[[0;32m  OK  [0m] Listening on /dev/initctl Compatibility Named Pipe.
[    6.432912] systemd[1]: Started Forward Password Requests to Wall Directory Watch.
[[0;32m  OK  [0m] Started Forward Password Requests to Wall Directory Watch.
[    6.435336] systemd[1]: Reached target System Time Synchronized.
[[0;32m  OK  [0m] Reached target System Time Synchronized.
[    6.437465] systemd[1]: Listening on LVM2 metadata daemon socket.
[[0;32m  OK  [0m] Listening on LVM2 metadata daemon socket.
[    6.439752] systemd[1]: Created slice System Slice.
[[0;32m  OK  [0m] Created slice System Slice.
[    6.441424] systemd[1]: Listening on Journal Socket.
[[0;32m  OK  [0m] Listening on Journal Socket.
[    6.453105] systemd[1]: Mounting POSIX Message Queue File System...
         Mounting POSIX Message Queue File System...
[    6.456946] systemd[1]: Starting Set console keymap...
         Starting Set console keymap...
[    6.461250] systemd[1]: Mounting Huge Pages File System...
         Mounting Huge Pages File System...
[    6.464629] systemd[1]: Starting Nameserver information manager...
         Starting Nameserver information manager...
[    6.469865] systemd[1]: Starting Remount Root and Kernel File Systems...
         Starting Remount Root and Kernel File Systems...
[    6.472446] systemd[1]: Starting Uncomplicated firewall...
         Starting Uncomplicated firewall...
[    6.474649] EXT4-fs (sda1): re-mounted. Opts: (null)
[    6.474754] systemd[1]: Mounting Debug File System...
         Mounting Debug File System...
[    6.477536] systemd[1]: Started Trigger resolvconf update for networkd DNS.
[[0;32m  OK  [0m] Started Trigger resolvconf update for networkd DNS.
[    6.479747] systemd[1]: Listening on udev Kernel Socket.
[[0;32m  OK  [0m] Listening on udev Kernel Socket.
[    6.481784] systemd[1]: Created slice User and Session Slice.
[[0;32m  OK  [0m] Created slice User and Session Slice.
[    6.495464] systemd[1]: Reached target Slices.
[[0;32m  OK  [0m] Reached target Slices.
[    6.497310] systemd[1]: Reached target Encrypted Volumes.
[[0;32m  OK  [0m] Reached target Encrypted Volumes.
[    6.501502] systemd[1]: Starting Load Kernel Modules...
         Starting Load Kernel Modules...
[    6.505002] systemd[1]: Listening on LVM2 poll daemon socket.
[[0;32m  OK  [0m] Listening on LVM2 poll daemon socket.
[    6.507634] systemd[1]: Reached target Swap.
[[0;32m  OK  [0m] Reached target Swap.
[    6.510220] Loading iSCSI transport class v2.0-870.
[    6.511115] systemd[1]: Starting Create list of required static device nodes for the current kernel...
         Starting Create list of required st... nodes for the current kernel...
[    6.521567] systemd[1]: Listening on Journal Socket (/dev/log).
[[0;32m  OK  [0m] Listening on Journal Socket (/dev/log).
[    6.523752] systemd[1]: Listening on Device-mapper event daemon FIFOs.
[[0;32m  OK  [0m] Listening on Device-mapper event daemon FIFOs.
[    6.527143] systemd[1]: Starting Monitoring of LVM2 mirrors, snapshots etc. using dmeventd or progress polling...
[    6.529678] iscsi: registered transport (tcp)
         Starting Monitoring of LVM2 mirrors... dmeventd or progress polling...
[    6.532521] systemd[1]: Listening on Journal Audit Socket.
[[0;32m  OK  [0m] Listening on Journal Audit Socket.
[    6.550703] systemd[1]: Starting Journal Service...
         Starting Journal Service...
[    6.559907] systemd[1]: Set up automount Arbitrary Executable File Formats File System Automount Point.
[[0;32m  OK  [0m] Set up automount Arbitrary Executab...ats File System Automount Point.
[    6.592128] systemd[1]: Created slice system-serial\x2dgetty.slice.
[[0;32m  OK  [0m] Created slice system-serial\x2dgetty.slice.
[    6.595034] systemd[1]: Mounted Debug File System.
[[0;32m  OK  [0m] Mounted Debug File System.
[    6.596551] systemd[1]: Mounted POSIX Message Queue File System.
[[0;32m  OK  [0m] Mounted POSIX Message Queue File System.
[    6.598370] systemd[1]: Mounted Huge Pages File System.
[[0;32m  OK  [0m] Mounted Huge Pages File System.
[    6.600417] systemd[1]: Started Set console keymap.
[[0;32m  OK  [0m] Started Set console keymap.
[    6.607416] systemd[1]: Started Remount Root and Kernel File Systems.
[[0;32m  OK  [0m] Started Remount Root and Kernel File Systems.
[    6.609753] systemd[1]: Started Uncomplicated firewall.
[[0;32m  OK  [0m] Started Uncomplicated firewall.
[    6.611989] systemd[1]: Started Create list of required static device nodes for the current kernel.
[[0;32m  OK  [0m] Started Create list of required sta...ce nodes for the current kernel.
[    6.648576] systemd[1]: Started Nameserver information manager.
[[0;32m  OK  [0m] Started Nameserver information manager.
[    6.659981] systemd[1]: Started Journal Service.
[    6.660811] iscsi: registered transport (iser)
[[0;32m  OK  [0m] Started Journal Service.
[[0;32m  OK  [0m] Started Load Kernel Modules.
[[0;32m  OK  [0m] Started LVM2 metadata daemon.
         Starting Apply Kernel Variables...
         Mounting FUSE Control File System...
         Starting Create Static Device Nodes in /dev...
         Starting Flush Journal to Persistent Storage...
         Starting Load/Save Random Seed...
         Starting udev Coldplug all Devices...
[[0;32m  OK  [0m] Mounted FUSE Control File System.
[[0;32m  OK  [0m] Started Apply Kernel Variables.
[[0;32m  OK  [0m] Started Load/Save Random Seed.
[[0;32m  OK  [0m] Started Create Static Device Nodes in /dev.
[[0;32m  OK  [0m] Started udev Coldplug all Devices.
[[0;32m  OK  [0m] Started Flush Journal to Persistent Storage.
         Starting udev Kernel Device Manager...
[[0;32m  OK  [0m] Started udev Kernel Device Manager.
[[0;32m  OK  [0m] Started Dispatch Password Requests to Console Directory Watch.
[[0;32m  OK  [0m] Found device /dev/ttyS0.
[[0;32m  OK  [0m] Listening on Load/Save RF Kill Switch Status /dev/rfkill Watch.
[[0;32m  OK  [0m] Found device 82540EM Gigabit Ethern...r (PRO/1000 MT Desktop Adapter).
[[0;32m  OK  [0m] Found device 82540EM Gigabit Ethern...r (PRO/1000 MT Desktop Adapter).
[[0;32m  OK  [0m] Started Monitoring of LVM2 mirrors,...ng dmeventd or progress polling.
[[0;32m  OK  [0m] Found device 82540EM Gigabit Ethern...r (PRO/1000 MT Desktop Adapter).
[[0;32m  OK  [0m] Reached target Local File Systems (Pre).
[[0;32m  OK  [0m] Reached target Local File Systems.
         Starting Create Volatile Files and Directories...
         Starting Tell Plymouth To Write Out Runtime Data...
         Starting Initial cloud-init job (pre-networking)...
         Starting LSB: AppArmor initialization...
         Starting Set console font and keymap...
[[0;32m  OK  [0m] Started Create Volatile Files and Directories.
[[0;32m  OK  [0m] Started Tell Plymouth To Write Out Runtime Data.
         Starting Update UTMP about System Boot/Shutdown...
[[0;32m  OK  [0m] Started Update UTMP about System Boot/Shutdown.
[[0;32m  OK  [0m] Started LSB: AppArmor initialization.
[[0;32m  OK  [0m] Started Set console font and keymap.
[[0;32m  OK  [0m] Created slice system-getty.slice.
[    7.901001] cloud-init[685]: Cloud-init v. 19.2-24-ge7881d5c-0ubuntu1~16.04.1 running 'init-local' at Tue, 15 Oct 2019 00:40:09 +0000. Up 7.69 seconds.
[[0;32m  OK  [0m] Started Initial cloud-init job (pre-networking).
[[0;32m  OK  [0m] Reached target Network (Pre).
         Starting Raise network interfaces...
[[0;32m  OK  [0m] Started ifup for enp0s8.
[[0;32m  OK  [0m] Started ifup for enp0s9.
[[0;32m  OK  [0m] Started ifup for enp0s3.
[[0;32m  OK  [0m] Started Raise network interfaces.
         Starting Initial cloud-init job (metadata service crawler)...
[[0;32m  OK  [0m] Reached target Network.
[    9.350373] cloud-init[1313]: Cloud-init v. 19.2-24-ge7881d5c-0ubuntu1~16.04.1 running 'init' at Tue, 15 Oct 2019 00:40:10 +0000. Up 9.13 seconds.
[    9.362936] cloud-init[1313]: ci-info: ++++++++++++++++++++++++++++++++++++++Net device info+++++++++++++++++++++++++++++++++++++++
[    9.364475] cloud-init[1313]: ci-info: +--------+------+-----------------------------+---------------+--------+-------------------+
[    9.366210] cloud-init[1313]: ci-info: | Device |  Up  |           Address           |      Mask     | Scope  |     Hw-Address    |
[    9.367924] cloud-init[1313]: ci-info: +--------+------+-----------------------------+---------------+--------+-------------------+
[    9.369691] cloud-init[1313]: ci-info: | enp0s3 | True |          10.0.2.15          | 255.255.255.0 | global | 02:af:57:b2:64:eb |
[    9.371371] cloud-init[1313]: ci-info: | enp0s3 | True |  fe80::af:57ff:feb2:64eb/64 |       .       |  link  | 02:af:57:b2:64:eb |
[    9.373095] cloud-init[1313]: ci-info: | enp0s8 | True |        10.151.253.218       | 255.255.252.0 | global | 08:00:27:b9:c4:58 |
[    9.374773] cloud-init[1313]: ci-info: | enp0s8 | True | fe80::a00:27ff:feb9:c458/64 |       .       |  link  | 08:00:27:b9:c4:58 |
[    9.376430] cloud-init[1313]: ci-info: | enp0s9 | True |        192.168.123.10       | 255.255.255.0 | global | 08:00:27:db:dc:da |
[    9.377808] cloud-init[1313]: ci-info: | enp0s9 | True | fe80::a00:27ff:fedb:dcda/64 |       .       |  link  | 08:00:27:db:dc:da |
[    9.379207] cloud-init[1313]: ci-info: |   lo   | True |          127.0.0.1          |   255.0.0.0   |  host  |         .         |
[    9.381028] cloud-init[1313]: ci-info: |   lo   | True |           ::1/128           |       .       |  host  |         .         |
[    9.383129] cloud-init[1313]: ci-info: +--------+------+-----------------------------+---------------+--------+-------------------+
[    9.385340] cloud-init[1313]: ci-info: ++++++++++++++++++++++++++++Route IPv4 info+++++++++++++++++++++++++++++
[    9.387241] cloud-init[1313]: ci-info: +-------+---------------+----------+---------------+-----------+-------+
[    9.389204] cloud-init[1313]: ci-info: | Route |  Destination  | Gateway  |    Genmask    | Interface | Flags |
[    9.393035] cloud-init[1313]: ci-info: +-------+---------------+----------+---------------+-----------+-------+
[    9.396755] cloud-init[1313]: ci-info: |   0   |    0.0.0.0    | 10.0.2.2 |    0.0.0.0    |   enp0s3  |   UG  |
[    9.398050] cloud-init[1313]: ci-info: |   1   |    10.0.2.0   | 0.0.0.0  | 255.255.255.0 |   enp0s3  |   U   |
[    9.399356] cloud-init[1313]: ci-info: |   2   |  10.151.252.0 | 0.0.0.0  | 255.255.252.0 |   enp0s8  |   U   |
[    9.400752] cloud-init[1313]: ci-info: |   3   | 192.168.123.0 | 0.0.0.0  | 255.255.255.0 |   enp0s9  |   U   |
[    9.402188] cloud-init[1313]: ci-info: +-------+---------------+----------+---------------+-----------+-------+
[    9.403621] cloud-init[1313]: ci-info: +++++++++++++++++++Route IPv6 info+++++++++++++++++++
[    9.410410] cloud-init[1313]: ci-info: +-------+-------------+---------+-----------+-------+
[    9.415162] cloud-init[1313]: ci-info: | Route | Destination | Gateway | Interface | Flags |
[    9.416739] cloud-init[1313]: ci-info: +-------+-------------+---------+-----------+-------+
[    9.418223] cloud-init[1313]: ci-info: |   0   |  fe80::/64  |    ::   |   enp0s9  |   U   |
[    9.420861] cloud-init[1313]: ci-info: |   1   |  fe80::/64  |    ::   |   enp0s8  |   U   |
[    9.422254] cloud-init[1313]: ci-info: |   2   |  fe80::/64  |    ::   |   enp0s3  |   U   |
[    9.423638] cloud-init[1313]: ci-info: |   5   |   ff00::/8  |    ::   |   enp0s9  |   U   |
[[0;32m  OK  [0m] Started Initial cloud-init job (metadata service crawler).
[[0;32m  OK  [0m] Reached target Network is Online.
[    9.443800] cloud-init[1313]: ci-info: |   6   |   ff00::/8  |    ::   |   enp0s8  |   U   |
[    9.449057] cloud-init[1313]: ci-info: |   7   |   ff00::/8  |    ::   |   enp0s3  |   U   |
[    9.450643] cloud-init[1313]: ci-info: +-------+-------------+---------+-----------+-------+
         Starting iSCSI initiator daemon (iscsid)...
[[0;32m  OK  [0m] Reached target Cloud-config availability.
[[0;32m  OK  [0m] Reached target System Initialization.
[[0;32m  OK  [0m] Listening on UUID daemon activation socket.
[[0;32m  OK  [0m] Started ACPI Events Check.
[[0;32m  OK  [0m] Reached target Paths.
[[0;32m  OK  [0m] Listening on ACPID Listen Socket.
[[0;32m  OK  [0m] Listening on D-Bus System Message Bus Socket.
[[0;32m  OK  [0m] Started Daily apt download activities.
[[0;32m  OK  [0m] Started Daily apt upgrade and clean activities.
         Starting LXD - unix socket.
[[0;32m  OK  [0m] Listening on Avahi mDNS/DNS-SD Stack Activation Socket.
         Starting Socket activation for snappy daemon.
[[0;32m  OK  [0m] Started Daily Cleanup of Temporary Directories.
[[0;32m  OK  [0m] Reached target Timers.
[[0;32m  OK  [0m] Listening on LXD - unix socket.
[[0;32m  OK  [0m] Listening on Socket activation for snappy daemon.
[[0;32m  OK  [0m] Started iSCSI initiator daemon (iscsid).
         Starting Login to default iSCSI targets...
[[0;32m  OK  [0m] Reached target Sockets.
[[0;32m  OK  [0m] Reached target Basic System.
         Starting LSB: Record successful boot for GRUB...
[[0;32m  OK  [0m] Started D-Bus System Message Bus.
         Starting System Logging Service...
         Starting Avahi mDNS/DNS-SD Stack...
         Starting Accounts Service...
[[0;32m  OK  [0m] Started FUSE filesystem for LXC.
[[0;32m  OK  [0m] Started Regular background program processing daemon.
[[0;32m  OK  [0m] Started Deferred execution scheduler.
         Starting LSB: MD monitoring daemon...
         Starting OpenBSD Secure Shell server...
[[0;32m  OK  [0m] Started ACPI event daemon.
         Starting /etc/rc.local Compatibility...
         Starting Virtualbox guest utils...
         Starting Snappy daemon...
         Starting Login Service...
         Starting LXD - container startup/shutdown...
[[0;32m  OK  [0m] Started System Logging Service.
[[0;32m  OK  [0m] Started /etc/rc.local Compatibility.
[[0;32m  OK  [0m] Started Avahi mDNS/DNS-SD Stack.
[[0;32m  OK  [0m] Started OpenBSD Secure Shell server.
[[0;32m  OK  [0m] Started LSB: Record successful boot for GRUB.
[[0;32m  OK  [0m] Started Login to default iSCSI targets.
[[0;32m  OK  [0m] Started Login Service.
[[0;32m  OK  [0m] Started Unattended Upgrades Shutdown.
[[0;32m  OK  [0m] Reached target Remote File Systems (Pre).
[[0;32m  OK  [0m] Reached target Remote File Systems.
         Starting Permit User Sessions...
         Starting LSB: daemon to balance interrupts for SMP systems...
         Starting LSB: automatic crash report generation...
         Starting LSB: Set the CPU Frequency Scaling governor to "ondemand"...
[[0;32m  OK  [0m] Started LSB: MD monitoring daemon.
[[0;32m  OK  [0m] Started Permit User Sessions.
         Starting Terminate Plymouth Boot Screen...
         Starting Hold until boot process finishes up...
[[0;32m  OK  [0m] Started LSB: daemon to balance interrupts for SMP systems.
[[0;32m  OK  [0m] Started Hold until boot process finishes up.
[[0;32m  OK  [0m] Started Terminate Plymouth Boot Screen.
[[0;32m  OK  [0m] Started LSB: Set the CPU Frequency Scaling governor to "ondemand".
         Starting Authenticate and Authorize Users to Run Privileged Tasks...
         Starting Set console scheme...
[[0;32m  OK  [0m] Started Getty on tty1.
[[0;32m  OK  [0m] Started Serial Getty on ttyS0.
[[0;32m  OK  [0m] Reached target Login Prompts.
[[0;32m  OK  [0m] Started Set console scheme.
[[0;32m  OK  [0m] Started LSB: automatic crash report generation.
[[0;32m  OK  [0m] Started Authenticate and Authorize Users to Run Privileged Tasks.
[[0;32m  OK  [0m] Started Accounts Service.
[[0;32m  OK  [0m] Started Virtualbox guest utils.
[[0;32m  OK  [0m] Started LXD - container startup/shutdown.
[[0;32m  OK  [0m] Started Snappy daemon.
         Starting Wait until snapd is fully seeded...
[[0;32m  OK  [0m] Started Wait until snapd is fully seeded.
         Starting Apply the settings specified in cloud-config...
[[0;32m  OK  [0m] Reached target Multi-User System.
[[0;32m  OK  [0m] Reached target Graphical Interface.
         Starting Update UTMP about System Runlevel Changes...
[[0;32m  OK  [0m] Started Update UTMP about System Runlevel Changes.
[   10.557123] cloud-init[1583]: Cloud-init v. 19.2-24-ge7881d5c-0ubuntu1~16.04.1 running 'modules:config' at Tue, 15 Oct 2019 00:40:12 +0000. Up 10.48 seconds.
[[0;32m  OK  [0m] Started Apply the settings specified in cloud-config.
         Starting Execute cloud user/final scripts...
[   10.891739] cloud-init[1595]: Cloud-init v. 19.2-24-ge7881d5c-0ubuntu1~16.04.1 running 'modules:final' at Tue, 15 Oct 2019 00:40:12 +0000. Up 10.81 seconds.
[   10.893528] cloud-init[1595]: Cloud-init v. 19.2-24-ge7881d5c-0ubuntu1~16.04.1 finished at Tue, 15 Oct 2019 00:40:12 +0000. Datasource DataSourceNoCloud [seed=/dev/sdb][dsmode=net].  Up 10.88 seconds
[[0;32m  OK  [0m] Started Execute cloud user/final scripts.
[[0;32m  OK  [0m] Reached target Cloud-init target.
         Starting Daily apt download activities...
[[0;32m  OK  [0m] Created slice User Slice of vagrant.
         Starting User Manager for UID 1000...
[[0;32m  OK  [0m] Started Session 1 of user vagrant.
[[0;32m  OK  [0m] Started User Manager for UID 1000.

Ubuntu 16.04.6 LTS mesin1 ttyS0

mesin1 login: 